<?xml version="1.0" encoding="UTF-8"?>
<!-- Generated by org.testng.reporters.JUnitXMLReporter -->
<testsuite hostname="HP" failures="0" tests="4" name="Test" time="146.33" errors="0" timestamp="25 Apr 2019 04:30:10 GMT">
  <testcase classname="Test.ParallelTest" name="Session1" time="37.919"/>
  <testcase classname="Test.ParallelTest" name="Session2" time="36.223"/>
  <testcase classname="Test.ParallelTest" name="Session3" time="36.185"/>
  <testcase classname="Test.ParallelTest" name="Session5" time="35.946"/>
</testsuite> <!-- Test -->
